{"/project/lib/AuctionSlot.js": {"path":"/project/lib/AuctionSlot.js","statementMap":{"0":{"start":{"line":2,"column":22},"end":{"line":4,"column":1}},"1":{"start":{"line":3,"column":4},"end":{"line":3,"column":62}},"2":{"start":{"line":5,"column":0},"end":{"line":5,"column":62}},"3":{"start":{"line":6,"column":14},"end":{"line":6,"column":30}},"4":{"start":{"line":7,"column":24},"end":{"line":7,"column":50}},"5":{"start":{"line":8,"column":28},"end":{"line":8,"column":58}},"6":{"start":{"line":9,"column":17},"end":{"line":9,"column":51}},"7":{"start":{"line":28,"column":8},"end":{"line":28,"column":65}},"8":{"start":{"line":29,"column":8},"end":{"line":29,"column":37}},"9":{"start":{"line":30,"column":8},"end":{"line":30,"column":25}},"10":{"start":{"line":31,"column":8},"end":{"line":31,"column":41}},"11":{"start":{"line":40,"column":20},"end":{"line":40,"column":55}},"12":{"start":{"line":41,"column":8},"end":{"line":41,"column":36}},"13":{"start":{"line":42,"column":8},"end":{"line":42,"column":19}},"14":{"start":{"line":49,"column":21},"end":{"line":49,"column":25}},"15":{"start":{"line":50,"column":21},"end":{"line":50,"column":45}},"16":{"start":{"line":51,"column":27},"end":{"line":51,"column":38}},"17":{"start":{"line":52,"column":30},"end":{"line":52,"column":34}},"18":{"start":{"line":53,"column":41},"end":{"line":53,"column":45}},"19":{"start":{"line":56,"column":8},"end":{"line":71,"column":9}},"20":{"start":{"line":56,"column":21},"end":{"line":56,"column":22}},"21":{"start":{"line":57,"column":32},"end":{"line":57,"column":78}},"22":{"start":{"line":58,"column":31},"end":{"line":58,"column":38}},"23":{"start":{"line":61,"column":12},"end":{"line":68,"column":13}},"24":{"start":{"line":67,"column":16},"end":{"line":67,"column":45}},"25":{"start":{"line":73,"column":8},"end":{"line":85,"column":9}},"26":{"start":{"line":74,"column":12},"end":{"line":84,"column":13}},"27":{"start":{"line":74,"column":25},"end":{"line":74,"column":26}},"28":{"start":{"line":75,"column":35},"end":{"line":75,"column":42}},"29":{"start":{"line":76,"column":16},"end":{"line":83,"column":17}},"30":{"start":{"line":82,"column":20},"end":{"line":82,"column":60}},"31":{"start":{"line":86,"column":8},"end":{"line":88,"column":9}},"32":{"start":{"line":87,"column":12},"end":{"line":87,"column":108}},"33":{"start":{"line":89,"column":8},"end":{"line":89,"column":22}},"34":{"start":{"line":92,"column":0},"end":{"line":92,"column":34}}},"fnMap":{"0":{"name":"(anonymous_0)","decl":{"start":{"line":2,"column":56},"end":{"line":2,"column":57}},"loc":{"start":{"line":2,"column":71},"end":{"line":4,"column":1}},"line":2},"1":{"name":"(anonymous_1)","decl":{"start":{"line":24,"column":4},"end":{"line":24,"column":5}},"loc":{"start":{"line":24,"column":36},"end":{"line":32,"column":5}},"line":24},"2":{"name":"(anonymous_2)","decl":{"start":{"line":39,"column":4},"end":{"line":39,"column":5}},"loc":{"start":{"line":39,"column":29},"end":{"line":43,"column":5}},"line":39},"3":{"name":"(anonymous_3)","decl":{"start":{"line":48,"column":4},"end":{"line":48,"column":5}},"loc":{"start":{"line":48,"column":17},"end":{"line":90,"column":5}},"line":48}},"branchMap":{"0":{"loc":{"start":{"line":2,"column":22},"end":{"line":4,"column":1}},"type":"binary-expr","locations":[{"start":{"line":2,"column":23},"end":{"line":2,"column":27}},{"start":{"line":2,"column":31},"end":{"line":2,"column":51}},{"start":{"line":2,"column":56},"end":{"line":4,"column":1}}],"line":2},"1":{"loc":{"start":{"line":3,"column":11},"end":{"line":3,"column":61}},"type":"cond-expr","locations":[{"start":{"line":3,"column":37},"end":{"line":3,"column":40}},{"start":{"line":3,"column":43},"end":{"line":3,"column":61}}],"line":3},"2":{"loc":{"start":{"line":3,"column":12},"end":{"line":3,"column":33}},"type":"binary-expr","locations":[{"start":{"line":3,"column":12},"end":{"line":3,"column":15}},{"start":{"line":3,"column":19},"end":{"line":3,"column":33}}],"line":3},"3":{"loc":{"start":{"line":57,"column":32},"end":{"line":57,"column":78}},"type":"cond-expr","locations":[{"start":{"line":57,"column":60},"end":{"line":57,"column":71}},{"start":{"line":57,"column":74},"end":{"line":57,"column":78}}],"line":57},"4":{"loc":{"start":{"line":61,"column":12},"end":{"line":68,"column":13}},"type":"if","locations":[{"start":{"line":61,"column":12},"end":{"line":68,"column":13}},{"start":{"line":61,"column":12},"end":{"line":68,"column":13}}],"line":61},"5":{"loc":{"start":{"line":61,"column":16},"end":{"line":66,"column":67}},"type":"binary-expr","locations":[{"start":{"line":61,"column":16},"end":{"line":61,"column":54}},{"start":{"line":62,"column":17},"end":{"line":62,"column":37}},{"start":{"line":63,"column":20},"end":{"line":63,"column":58}},{"start":{"line":64,"column":17},"end":{"line":64,"column":41}},{"start":{"line":65,"column":20},"end":{"line":65,"column":56}},{"start":{"line":66,"column":24},"end":{"line":66,"column":66}}],"line":61},"6":{"loc":{"start":{"line":73,"column":8},"end":{"line":85,"column":9}},"type":"if","locations":[{"start":{"line":73,"column":8},"end":{"line":85,"column":9}},{"start":{"line":73,"column":8},"end":{"line":85,"column":9}}],"line":73},"7":{"loc":{"start":{"line":76,"column":16},"end":{"line":83,"column":17}},"type":"if","locations":[{"start":{"line":76,"column":16},"end":{"line":83,"column":17}},{"start":{"line":76,"column":16},"end":{"line":83,"column":17}}],"line":76},"8":{"loc":{"start":{"line":76,"column":20},"end":{"line":81,"column":78}},"type":"binary-expr","locations":[{"start":{"line":76,"column":20},"end":{"line":76,"column":58}},{"start":{"line":77,"column":20},"end":{"line":77,"column":56}},{"start":{"line":78,"column":20},"end":{"line":78,"column":63}},{"start":{"line":79,"column":20},"end":{"line":79,"column":70}},{"start":{"line":80,"column":21},"end":{"line":80,"column":56}},{"start":{"line":81,"column":24},"end":{"line":81,"column":77}}],"line":76},"9":{"loc":{"start":{"line":86,"column":8},"end":{"line":88,"column":9}},"type":"if","locations":[{"start":{"line":86,"column":8},"end":{"line":88,"column":9}},{"start":{"line":86,"column":8},"end":{"line":88,"column":9}}],"line":86}},"s":{"0":6,"1":6,"2":6,"3":6,"4":6,"5":6,"6":6,"7":20,"8":20,"9":20,"10":20,"11":116,"12":116,"13":116,"14":11,"15":11,"16":11,"17":11,"18":11,"19":11,"20":11,"21":71,"22":71,"23":71,"24":16,"25":11,"26":8,"27":8,"28":60,"29":60,"30":8,"31":11,"32":8,"33":11,"34":6},"f":{"0":6,"1":20,"2":116,"3":11},"b":{"0":[6,6,6],"1":[6,0],"2":[6,6],"3":[61,10],"4":[16,55],"5":[71,33,29,21,13,13],"6":[8,3],"7":[8,52],"8":[60,33,25,25,20,15],"9":[8,3]},"_coverageSchema":"43e27e138ebf9cfc5966b082cf9a028302ed4184","hash":"f4f4771d36d19b38e3c2e47e43774661cbfc0d3d"}
,"/project/lib/AuctionSlotWinner.js": {"path":"/project/lib/AuctionSlotWinner.js","statementMap":{"0":{"start":{"line":2,"column":0},"end":{"line":2,"column":62}},"1":{"start":{"line":3,"column":14},"end":{"line":3,"column":30}},"2":{"start":{"line":25,"column":8},"end":{"line":27,"column":9}},"3":{"start":{"line":26,"column":12},"end":{"line":26,"column":68}},"4":{"start":{"line":28,"column":8},"end":{"line":28,"column":37}},"5":{"start":{"line":29,"column":8},"end":{"line":29,"column":35}},"6":{"start":{"line":36,"column":8},"end":{"line":37,"column":70}},"7":{"start":{"line":43,"column":8},"end":{"line":43,"column":38}},"8":{"start":{"line":46,"column":0},"end":{"line":46,"column":46}}},"fnMap":{"0":{"name":"(anonymous_0)","decl":{"start":{"line":24,"column":4},"end":{"line":24,"column":5}},"loc":{"start":{"line":24,"column":39},"end":{"line":30,"column":5}},"line":24},"1":{"name":"(anonymous_1)","decl":{"start":{"line":35,"column":4},"end":{"line":35,"column":5}},"loc":{"start":{"line":35,"column":17},"end":{"line":38,"column":5}},"line":35},"2":{"name":"(anonymous_2)","decl":{"start":{"line":42,"column":4},"end":{"line":42,"column":5}},"loc":{"start":{"line":42,"column":17},"end":{"line":44,"column":5}},"line":42}},"branchMap":{"0":{"loc":{"start":{"line":25,"column":8},"end":{"line":27,"column":9}},"type":"if","locations":[{"start":{"line":25,"column":8},"end":{"line":27,"column":9}},{"start":{"line":25,"column":8},"end":{"line":27,"column":9}}],"line":25},"1":{"loc":{"start":{"line":36,"column":15},"end":{"line":37,"column":69}},"type":"cond-expr","locations":[{"start":{"line":37,"column":12},"end":{"line":37,"column":45}},{"start":{"line":37,"column":48},"end":{"line":37,"column":69}}],"line":36}},"s":{"0":6,"1":6,"2":14,"3":2,"4":12,"5":12,"6":18,"7":9,"8":6},"f":{"0":14,"1":18,"2":9},"b":{"0":[2,12],"1":[6,12]},"_coverageSchema":"43e27e138ebf9cfc5966b082cf9a028302ed4184","hash":"c7af10a3f1bf54e63570bea43bf363f9618888b4"}
,"/project/lib/AuctionableItem.js": {"path":"/project/lib/AuctionableItem.js","statementMap":{"0":{"start":{"line":2,"column":0},"end":{"line":2,"column":62}},"1":{"start":{"line":3,"column":30},"end":{"line":3,"column":69}},"2":{"start":{"line":18,"column":8},"end":{"line":18,"column":20}},"3":{"start":{"line":21,"column":0},"end":{"line":21,"column":42}}},"fnMap":{"0":{"name":"(anonymous_0)","decl":{"start":{"line":17,"column":4},"end":{"line":17,"column":5}},"loc":{"start":{"line":17,"column":22},"end":{"line":19,"column":5}},"line":17}},"branchMap":{},"s":{"0":6,"1":6,"2":20,"3":6},"f":{"0":20},"b":{},"_coverageSchema":"43e27e138ebf9cfc5966b082cf9a028302ed4184","hash":"ec55d8b52d26f9fc8fd22044ddff43fadc413253"}
,"/project/lib/Bid.js": {"path":"/project/lib/Bid.js","statementMap":{"0":{"start":{"line":2,"column":22},"end":{"line":4,"column":1}},"1":{"start":{"line":3,"column":4},"end":{"line":3,"column":62}},"2":{"start":{"line":5,"column":0},"end":{"line":5,"column":62}},"3":{"start":{"line":6,"column":17},"end":{"line":6,"column":51}},"4":{"start":{"line":26,"column":8},"end":{"line":26,"column":37}},"5":{"start":{"line":27,"column":8},"end":{"line":27,"column":29}},"6":{"start":{"line":28,"column":8},"end":{"line":28,"column":25}},"7":{"start":{"line":29,"column":8},"end":{"line":29,"column":29}},"8":{"start":{"line":32,"column":0},"end":{"line":32,"column":18}}},"fnMap":{"0":{"name":"(anonymous_0)","decl":{"start":{"line":2,"column":56},"end":{"line":2,"column":57}},"loc":{"start":{"line":2,"column":71},"end":{"line":4,"column":1}},"line":2},"1":{"name":"(anonymous_1)","decl":{"start":{"line":25,"column":4},"end":{"line":25,"column":5}},"loc":{"start":{"line":25,"column":38},"end":{"line":30,"column":5}},"line":25}},"branchMap":{"0":{"loc":{"start":{"line":2,"column":22},"end":{"line":4,"column":1}},"type":"binary-expr","locations":[{"start":{"line":2,"column":23},"end":{"line":2,"column":27}},{"start":{"line":2,"column":31},"end":{"line":2,"column":51}},{"start":{"line":2,"column":56},"end":{"line":4,"column":1}}],"line":2},"1":{"loc":{"start":{"line":3,"column":11},"end":{"line":3,"column":61}},"type":"cond-expr","locations":[{"start":{"line":3,"column":37},"end":{"line":3,"column":40}},{"start":{"line":3,"column":43},"end":{"line":3,"column":61}}],"line":3},"2":{"loc":{"start":{"line":3,"column":12},"end":{"line":3,"column":33}},"type":"binary-expr","locations":[{"start":{"line":3,"column":12},"end":{"line":3,"column":15}},{"start":{"line":3,"column":19},"end":{"line":3,"column":33}}],"line":3}},"s":{"0":6,"1":6,"2":6,"3":6,"4":118,"5":118,"6":118,"7":118,"8":6},"f":{"0":6,"1":118},"b":{"0":[6,6,6],"1":[6,0],"2":[6,6]},"_coverageSchema":"43e27e138ebf9cfc5966b082cf9a028302ed4184","hash":"0b2a0263794f987f90c8c894f69de9fb18656c2f"}
,"/project/lib/BidCollection.js": {"path":"/project/lib/BidCollection.js","statementMap":{"0":{"start":{"line":2,"column":0},"end":{"line":2,"column":62}},"1":{"start":{"line":3,"column":28},"end":{"line":3,"column":65}},"2":{"start":{"line":9,"column":0},"end":{"line":9,"column":38}}},"fnMap":{},"branchMap":{},"s":{"0":6,"1":6,"2":6},"f":{},"b":{},"_coverageSchema":"43e27e138ebf9cfc5966b082cf9a028302ed4184","hash":"6dca1176cf4c83890d1c2e514e8e8eb3ad8ca900"}
,"/project/lib/Bidder.js": {"path":"/project/lib/Bidder.js","statementMap":{"0":{"start":{"line":2,"column":22},"end":{"line":4,"column":1}},"1":{"start":{"line":3,"column":4},"end":{"line":3,"column":62}},"2":{"start":{"line":5,"column":0},"end":{"line":5,"column":62}},"3":{"start":{"line":6,"column":30},"end":{"line":6,"column":69}},"4":{"start":{"line":7,"column":17},"end":{"line":7,"column":51}},"5":{"start":{"line":22,"column":8},"end":{"line":22,"column":20}},"6":{"start":{"line":23,"column":8},"end":{"line":23,"column":37}},"7":{"start":{"line":26,"column":0},"end":{"line":26,"column":24}}},"fnMap":{"0":{"name":"(anonymous_0)","decl":{"start":{"line":2,"column":56},"end":{"line":2,"column":57}},"loc":{"start":{"line":2,"column":71},"end":{"line":4,"column":1}},"line":2},"1":{"name":"(anonymous_1)","decl":{"start":{"line":21,"column":4},"end":{"line":21,"column":5}},"loc":{"start":{"line":21,"column":22},"end":{"line":24,"column":5}},"line":21}},"branchMap":{"0":{"loc":{"start":{"line":2,"column":22},"end":{"line":4,"column":1}},"type":"binary-expr","locations":[{"start":{"line":2,"column":23},"end":{"line":2,"column":27}},{"start":{"line":2,"column":31},"end":{"line":2,"column":51}},{"start":{"line":2,"column":56},"end":{"line":4,"column":1}}],"line":2},"1":{"loc":{"start":{"line":3,"column":11},"end":{"line":3,"column":61}},"type":"cond-expr","locations":[{"start":{"line":3,"column":37},"end":{"line":3,"column":40}},{"start":{"line":3,"column":43},"end":{"line":3,"column":61}}],"line":3},"2":{"loc":{"start":{"line":3,"column":12},"end":{"line":3,"column":33}},"type":"binary-expr","locations":[{"start":{"line":3,"column":12},"end":{"line":3,"column":15}},{"start":{"line":3,"column":19},"end":{"line":3,"column":33}}],"line":3}},"s":{"0":6,"1":6,"2":6,"3":6,"4":6,"5":78,"6":78,"7":6},"f":{"0":6,"1":78},"b":{"0":[6,6,6],"1":[6,0],"2":[6,6]},"_coverageSchema":"43e27e138ebf9cfc5966b082cf9a028302ed4184","hash":"d08e224bfdd7f1fd76c04d1e8d77ca18e790bc20"}
,"/project/lib/common/GenericCollection.js": {"path":"/project/lib/common/GenericCollection.js","statementMap":{"0":{"start":{"line":2,"column":0},"end":{"line":2,"column":62}},"1":{"start":{"line":8,"column":8},"end":{"line":8,"column":26}},"2":{"start":{"line":14,"column":8},"end":{"line":14,"column":26}},"3":{"start":{"line":20,"column":8},"end":{"line":20,"column":33}},"4":{"start":{"line":27,"column":8},"end":{"line":27,"column":33}},"5":{"start":{"line":34,"column":8},"end":{"line":34,"column":30}},"6":{"start":{"line":35,"column":8},"end":{"line":35,"column":20}},"7":{"start":{"line":42,"column":8},"end":{"line":47,"column":9}},"8":{"start":{"line":43,"column":12},"end":{"line":43,"column":37}},"9":{"start":{"line":46,"column":12},"end":{"line":46,"column":51}},"10":{"start":{"line":48,"column":8},"end":{"line":48,"column":20}},"11":{"start":{"line":55,"column":8},"end":{"line":55,"column":48}},"12":{"start":{"line":56,"column":8},"end":{"line":56,"column":20}},"13":{"start":{"line":59,"column":0},"end":{"line":59,"column":46}}},"fnMap":{"0":{"name":"(anonymous_0)","decl":{"start":{"line":7,"column":4},"end":{"line":7,"column":5}},"loc":{"start":{"line":7,"column":27},"end":{"line":9,"column":5}},"line":7},"1":{"name":"(anonymous_1)","decl":{"start":{"line":13,"column":4},"end":{"line":13,"column":5}},"loc":{"start":{"line":13,"column":16},"end":{"line":15,"column":5}},"line":13},"2":{"name":"(anonymous_2)","decl":{"start":{"line":19,"column":4},"end":{"line":19,"column":5}},"loc":{"start":{"line":19,"column":17},"end":{"line":21,"column":5}},"line":19},"3":{"name":"(anonymous_3)","decl":{"start":{"line":26,"column":4},"end":{"line":26,"column":5}},"loc":{"start":{"line":26,"column":15},"end":{"line":28,"column":5}},"line":26},"4":{"name":"(anonymous_4)","decl":{"start":{"line":33,"column":4},"end":{"line":33,"column":5}},"loc":{"start":{"line":33,"column":14},"end":{"line":36,"column":5}},"line":33},"5":{"name":"(anonymous_5)","decl":{"start":{"line":41,"column":4},"end":{"line":41,"column":5}},"loc":{"start":{"line":41,"column":25},"end":{"line":49,"column":5}},"line":41},"6":{"name":"(anonymous_6)","decl":{"start":{"line":54,"column":4},"end":{"line":54,"column":5}},"loc":{"start":{"line":54,"column":12},"end":{"line":57,"column":5}},"line":54}},"branchMap":{"0":{"loc":{"start":{"line":7,"column":16},"end":{"line":7,"column":25}},"type":"default-arg","locations":[{"start":{"line":7,"column":23},"end":{"line":7,"column":25}}],"line":7},"1":{"loc":{"start":{"line":42,"column":8},"end":{"line":47,"column":9}},"type":"if","locations":[{"start":{"line":42,"column":8},"end":{"line":47,"column":9}},{"start":{"line":42,"column":8},"end":{"line":47,"column":9}}],"line":42}},"s":{"0":7,"1":30,"2":14,"3":3,"4":16,"5":117,"6":117,"7":2,"8":1,"9":1,"10":1,"11":1,"12":1,"13":7},"f":{"0":30,"1":14,"2":3,"3":16,"4":117,"5":2,"6":1},"b":{"0":[23],"1":[1,1]},"_coverageSchema":"43e27e138ebf9cfc5966b082cf9a028302ed4184","hash":"f1b8d0661b4cff54f24f973dc5ff35cd58bb8cf2"}
,"/project/lib/common/NamedEntityAbstract.js": {"path":"/project/lib/common/NamedEntityAbstract.js","statementMap":{"0":{"start":{"line":2,"column":0},"end":{"line":2,"column":62}},"1":{"start":{"line":12,"column":8},"end":{"line":12,"column":25}},"2":{"start":{"line":15,"column":0},"end":{"line":15,"column":50}}},"fnMap":{"0":{"name":"(anonymous_0)","decl":{"start":{"line":11,"column":4},"end":{"line":11,"column":5}},"loc":{"start":{"line":11,"column":22},"end":{"line":13,"column":5}},"line":11}},"branchMap":{},"s":{"0":7,"1":100,"2":7},"f":{"0":100},"b":{},"_coverageSchema":"43e27e138ebf9cfc5966b082cf9a028302ed4184","hash":"f9d17bbdaf095a64a14232ed7d058a8d17ed54d5"}
}
