TN:
SF:/project/lib/AuctionSlot.js
FN:2,(anonymous_0)
FN:24,(anonymous_1)
FN:39,(anonymous_2)
FN:48,(anonymous_3)
FNF:4
FNH:4
FNDA:6,(anonymous_0)
FNDA:20,(anonymous_1)
FNDA:116,(anonymous_2)
FNDA:11,(anonymous_3)
DA:2,6
DA:3,6
DA:5,6
DA:6,6
DA:7,6
DA:8,6
DA:9,6
DA:28,20
DA:29,20
DA:30,20
DA:31,20
DA:40,116
DA:41,116
DA:42,116
DA:49,11
DA:50,11
DA:51,11
DA:52,11
DA:53,11
DA:56,11
DA:57,71
DA:58,71
DA:61,71
DA:67,16
DA:73,11
DA:74,8
DA:75,60
DA:76,60
DA:82,8
DA:86,11
DA:87,8
DA:89,11
DA:92,6
LF:33
LH:33
BRDA:2,0,0,6
BRDA:2,0,1,6
BRDA:2,0,2,6
BRDA:3,1,0,6
BRDA:3,1,1,0
BRDA:3,2,0,6
BRDA:3,2,1,6
BRDA:57,3,0,61
BRDA:57,3,1,10
BRDA:61,4,0,16
BRDA:61,4,1,55
BRDA:61,5,0,71
BRDA:61,5,1,33
BRDA:61,5,2,29
BRDA:61,5,3,21
BRDA:61,5,4,13
BRDA:61,5,5,13
BRDA:73,6,0,8
BRDA:73,6,1,3
BRDA:76,7,0,8
BRDA:76,7,1,52
BRDA:76,8,0,60
BRDA:76,8,1,33
BRDA:76,8,2,25
BRDA:76,8,3,25
BRDA:76,8,4,20
BRDA:76,8,5,15
BRDA:86,9,0,8
BRDA:86,9,1,3
BRF:29
BRH:28
end_of_record
TN:
SF:/project/lib/AuctionSlotWinner.js
FN:24,(anonymous_0)
FN:35,(anonymous_1)
FN:42,(anonymous_2)
FNF:3
FNH:3
FNDA:14,(anonymous_0)
FNDA:18,(anonymous_1)
FNDA:9,(anonymous_2)
DA:2,6
DA:3,6
DA:25,14
DA:26,2
DA:28,12
DA:29,12
DA:36,18
DA:43,9
DA:46,6
LF:9
LH:9
BRDA:25,0,0,2
BRDA:25,0,1,12
BRDA:36,1,0,6
BRDA:36,1,1,12
BRF:4
BRH:4
end_of_record
TN:
SF:/project/lib/AuctionableItem.js
FN:17,(anonymous_0)
FNF:1
FNH:1
FNDA:20,(anonymous_0)
DA:2,6
DA:3,6
DA:18,20
DA:21,6
LF:4
LH:4
BRF:0
BRH:0
end_of_record
TN:
SF:/project/lib/Bid.js
FN:2,(anonymous_0)
FN:25,(anonymous_1)
FNF:2
FNH:2
FNDA:6,(anonymous_0)
FNDA:118,(anonymous_1)
DA:2,6
DA:3,6
DA:5,6
DA:6,6
DA:26,118
DA:27,118
DA:28,118
DA:29,118
DA:32,6
LF:9
LH:9
BRDA:2,0,0,6
BRDA:2,0,1,6
BRDA:2,0,2,6
BRDA:3,1,0,6
BRDA:3,1,1,0
BRDA:3,2,0,6
BRDA:3,2,1,6
BRF:7
BRH:6
end_of_record
TN:
SF:/project/lib/BidCollection.js
FNF:0
FNH:0
DA:2,6
DA:3,6
DA:9,6
LF:3
LH:3
BRF:0
BRH:0
end_of_record
TN:
SF:/project/lib/Bidder.js
FN:2,(anonymous_0)
FN:21,(anonymous_1)
FNF:2
FNH:2
FNDA:6,(anonymous_0)
FNDA:78,(anonymous_1)
DA:2,6
DA:3,6
DA:5,6
DA:6,6
DA:7,6
DA:22,78
DA:23,78
DA:26,6
LF:8
LH:8
BRDA:2,0,0,6
BRDA:2,0,1,6
BRDA:2,0,2,6
BRDA:3,1,0,6
BRDA:3,1,1,0
BRDA:3,2,0,6
BRDA:3,2,1,6
BRF:7
BRH:6
end_of_record
TN:
SF:/project/lib/common/GenericCollection.js
FN:7,(anonymous_0)
FN:13,(anonymous_1)
FN:19,(anonymous_2)
FN:26,(anonymous_3)
FN:33,(anonymous_4)
FN:41,(anonymous_5)
FN:54,(anonymous_6)
FNF:7
FNH:7
FNDA:30,(anonymous_0)
FNDA:14,(anonymous_1)
FNDA:3,(anonymous_2)
FNDA:16,(anonymous_3)
FNDA:117,(anonymous_4)
FNDA:2,(anonymous_5)
FNDA:1,(anonymous_6)
DA:2,7
DA:8,30
DA:14,14
DA:20,3
DA:27,16
DA:34,117
DA:35,117
DA:42,2
DA:43,1
DA:46,1
DA:48,1
DA:55,1
DA:56,1
DA:59,7
LF:14
LH:14
BRDA:7,0,0,23
BRDA:42,1,0,1
BRDA:42,1,1,1
BRF:3
BRH:3
end_of_record
TN:
SF:/project/lib/common/NamedEntityAbstract.js
FN:11,(anonymous_0)
FNF:1
FNH:1
FNDA:100,(anonymous_0)
DA:2,7
DA:12,100
DA:15,7
LF:3
LH:3
BRF:0
BRH:0
end_of_record
